D, [2014-06-21T18:08:24.472311 #10404] DEBUG -- :   [1m[36mPlace Load (1.9ms)[0m  [1mSELECT "places".* FROM "places"[0m
D, [2014-06-21T18:08:24.482338 #10404] DEBUG -- :   [1m[35mPlace Load (0.2ms)[0m  SELECT "places"."category" FROM "places"
D, [2014-06-21T18:08:29.277919 #10404] DEBUG -- :   [1m[36mPlace Load (0.2ms)[0m  [1mSELECT "places".* FROM "places"[0m
D, [2014-06-21T18:08:29.279275 #10404] DEBUG -- :   [1m[35mPlace Load (0.1ms)[0m  SELECT "places"."category" FROM "places"
D, [2014-06-21T18:11:03.944956 #10404] DEBUG -- :   [1m[36mPlace Load (0.2ms)[0m  [1mSELECT "places".* FROM "places"[0m
D, [2014-06-21T18:11:03.946885 #10404] DEBUG -- :   [1m[35mPlace Load (0.1ms)[0m  SELECT "places"."category" FROM "places"
D, [2014-06-21T19:24:00.986937 #10404] DEBUG -- :   [1m[36mPlace Load (1.2ms)[0m  [1mSELECT  "places".* FROM "places"  WHERE "places"."id" = ? LIMIT 1[0m  [["id", 3]]
D, [2014-06-21T19:24:00.991997 #10404] DEBUG -- :   [1m[35mPlace Load (0.2ms)[0m  SELECT "places".* FROM "places"
D, [2014-06-21T19:24:00.994768 #10404] DEBUG -- :   [1m[36mPlace Load (0.2ms)[0m  [1mSELECT "places"."category" FROM "places"[0m
D, [2014-06-21T19:24:04.391589 #10404] DEBUG -- :   [1m[35mPlace Load (0.1ms)[0m  SELECT  "places".* FROM "places"  WHERE "places"."id" = ? LIMIT 1  [["id", 3]]
D, [2014-06-21T19:24:04.402885 #10404] DEBUG -- :   [1m[36mPlace Load (0.2ms)[0m  [1mSELECT "places"."category" FROM "places"[0m
D, [2014-06-21T19:44:47.864400 #10404] DEBUG -- :   [1m[35mPlace Load (0.4ms)[0m  SELECT  "places".* FROM "places"  WHERE "places"."id" = ? LIMIT 1  [["id", 3]]
D, [2014-06-21T19:44:47.865283 #10404] DEBUG -- :   [1m[36m (0.2ms)[0m  [1mbegin transaction[0m
D, [2014-06-21T19:44:47.922425 #10404] DEBUG -- :   [1m[35mSQL (1.3ms)[0m  UPDATE "places" SET "area" = ?, "category" = ?, "image" = ?, "name" = ?, "phone" = ?, "review" = ?, "url" = ? WHERE "places"."id" = 3  [["area", "Inner West"], ["category", "Bar"], ["image", "http://www.broadsheet.com.au/media/cache/26/11/26112e927ac101329c8fd7f63bac04bc.jpg"], ["name", "The Chip Off the Old Block"], ["phone", "9318 0815"], ["review", " <p> Recent years have seen Chippendale take an artsy turn away from its convict roots. Since the introduction of the Chippendale Creative Precinct in 2010, this gritty, central neighbourhood has been turning heads, as top chefs and artists fill the open spaces.</p>\r\n<p>\r\nThe Creative Precinct is headed up by Nicky Ginsberg, and it appears she isn’t the only of the Ginsberg family caught in the thick of Chippendale’s restoration. Daughter Katya has recently made headlines with the opening of The Chip Off the Old Block. The new small bar on Little Queen Street is in the downstairs space of a gothic-revival church.</p>\r\n<p>\r\n\r\n“We’re a hospitality family,” Ginsberg says, “which is how I got the inspiration for the name; I’m a bit of a chip off the old block, so to speak.” Playing on not only the family’s English heritage but on that of the suburb, Ginsberg wanted to introduce a venue which would send expats and travellers on a journey back to the motherland.</p>\r\n<p>\r\nBacon butty sarnies, bubble and squeak pie and fish and chips wrapped in newspaper share space on a menu that is as English as they come. The cocktail list matches well, full of English idioms. Gin & Bear It mixes gin, cinnamon whisky, orange and ginger beer and an English Rose is a sweetly simple mix of Hendrick’s, rose syrup and cucumber.</p>\r\n<p>\r\nThe beer and wine isn’t as Brit influenced. A list of craft beers only includes four British imports and wines are mainly from Australia, bar a couple of French numbers. Beers come in bottles tucked into brown-paper bags, and cocktails come in an array of jars and haphazard glassware; a likely choice but we can’t help but feel that Sydney may be approaching its capacity for drinking out of a jar.</P"], ["url", "http://thechipofftheoldblock.com.au"]]
D, [2014-06-21T19:44:47.923475 #10404] DEBUG -- :   [1m[36m (0.7ms)[0m  [1mcommit transaction[0m
D, [2014-06-21T19:44:47.928315 #10404] DEBUG -- :   [1m[35mPlace Load (0.1ms)[0m  SELECT  "places".* FROM "places"  WHERE "places"."id" = ? LIMIT 1  [["id", 3]]
D, [2014-06-21T19:44:47.930303 #10404] DEBUG -- :   [1m[36mPlace Load (0.2ms)[0m  [1mSELECT "places".* FROM "places"[0m
D, [2014-06-21T19:44:47.932157 #10404] DEBUG -- :   [1m[35mPlace Load (0.1ms)[0m  SELECT "places"."category" FROM "places"
D, [2014-06-21T19:44:56.263966 #10404] DEBUG -- :   [1m[36mPlace Load (0.2ms)[0m  [1mSELECT "places".* FROM "places"[0m
D, [2014-06-21T19:44:56.265757 #10404] DEBUG -- :   [1m[35mPlace Load (0.1ms)[0m  SELECT "places"."category" FROM "places"
D, [2014-06-21T19:56:58.417042 #10404] DEBUG -- :   [1m[36mPlace Load (7.9ms)[0m  [1mSELECT  "places".* FROM "places"  WHERE "places"."id" = ? LIMIT 1[0m  [["id", 4]]
D, [2014-06-21T19:56:58.421472 #10404] DEBUG -- :   [1m[35mPlace Load (0.2ms)[0m  SELECT "places".* FROM "places"
D, [2014-06-21T19:56:58.425188 #10404] DEBUG -- :   [1m[36mPlace Load (0.2ms)[0m  [1mSELECT "places"."category" FROM "places"[0m
D, [2014-06-21T19:57:04.348246 #10404] DEBUG -- :   [1m[35mPlace Load (0.1ms)[0m  SELECT  "places".* FROM "places"  WHERE "places"."id" = ? LIMIT 1  [["id", 4]]
D, [2014-06-21T19:57:04.360145 #10404] DEBUG -- :   [1m[36mPlace Load (0.2ms)[0m  [1mSELECT "places"."category" FROM "places"[0m
D, [2014-06-21T19:59:35.290326 #10404] DEBUG -- :   [1m[35mPlace Load (3.2ms)[0m  SELECT  "places".* FROM "places"  WHERE "places"."id" = ? LIMIT 1  [["id", 4]]
D, [2014-06-21T19:59:35.290759 #10404] DEBUG -- :   [1m[36m (0.1ms)[0m  [1mbegin transaction[0m
D, [2014-06-21T19:59:35.292581 #10404] DEBUG -- :   [1m[35mSQL (0.4ms)[0m  UPDATE "places" SET "area" = ?, "category" = ?, "image" = ?, "name" = ?, "phone" = ?, "rating" = ?, "review" = ? WHERE "places"."id" = 4  [["area", "City"], ["category", "Bar"], ["image", "http://www.broadsheet.com.au/media/cache/2c/9f/2c9faf1c1513692a4f97310a93d82bcb.jpg"], ["name", "Assembly"], ["phone", "(02) 9283 8808"], ["rating", "5"], ["review", "  <p>Next time your foraging for cocktails at Sydney’s centre, or hankering for pork and fennel hotdogs with wasabi, Assembly is the perfect place to assemble. Owned and operated by Ben Touass – the very French, very inspired mind who launched Darlinghurst’s Pocket Bar – Assembly manages to merge childish abandon with a great deal of taste and refinement.</p>\r\n<p>\r\nDescending the escalator from George Street, you can look down on Assembly’s artificial courtyard, complete with Astroturf, picnic tables and enough plastic ivy to consume a rather large wall. Its kindergarten qualities immediately conjure memories of recess and hopscotch, although the name Assembly doesn’t refer to any deliberate theme.</p>\r\n<p>\r\nInside, the mood takes a less adolescent turn. The warm glow of industrial lights illuminates sections of the open-plan space, while makeshift walls constructed from loading pallets split the room into more intimate squares. A set of spiral stairs ascends to a lofty lounge area above the bar, where an ingenious drink-elevator hoists refreshments from the bar below.</p>\r\n<p>\r\nPrepared with ninja-like athleticism, Assembly boasts a swathe of classic, original and sponsored cocktails. Doing away with longwinded sensory descriptions, they appear on the menu as simple equations like “2 x (gin + maraschino liqueur + green chartreuse + lime juice) shaken & strained + chilled martini glass = Last Words”. There’s a creative and semi-scientific style to some cocktails such as the Lavender Hill Cappuccino, a concoction of French rum, lime and cloudy apple juice with a thick apple and lavender foam garnished with a pop-rock filled mint leaf.</p>\r\n<p>\r\nAn equally creative food menu goes beyond the realms of snacking, encompassing soul food and sizable share plates that compliment wine and cocktails alike. Anything from their selection of gourmet hotdogs would be our recommendation.</p>"]]
D, [2014-06-21T19:59:35.293677 #10404] DEBUG -- :   [1m[36m (0.8ms)[0m  [1mcommit transaction[0m
D, [2014-06-21T19:59:35.301170 #10404] DEBUG -- :   [1m[35mPlace Load (0.2ms)[0m  SELECT  "places".* FROM "places"  WHERE "places"."id" = ? LIMIT 1  [["id", 4]]
D, [2014-06-21T19:59:35.303768 #10404] DEBUG -- :   [1m[36mPlace Load (0.2ms)[0m  [1mSELECT "places".* FROM "places"[0m
D, [2014-06-21T19:59:35.306419 #10404] DEBUG -- :   [1m[35mPlace Load (0.2ms)[0m  SELECT "places"."category" FROM "places"
D, [2014-06-21T20:00:05.640139 #10404] DEBUG -- :   [1m[36mPlace Load (0.1ms)[0m  [1mSELECT  "places".* FROM "places"  WHERE "places"."id" = ? LIMIT 1[0m  [["id", 5]]
D, [2014-06-21T20:00:05.641741 #10404] DEBUG -- :   [1m[35mPlace Load (0.2ms)[0m  SELECT "places".* FROM "places"
D, [2014-06-21T20:00:05.643141 #10404] DEBUG -- :   [1m[36mPlace Load (0.1ms)[0m  [1mSELECT "places"."category" FROM "places"[0m
D, [2014-06-21T20:02:38.508698 #10404] DEBUG -- :   [1m[35mPlace Load (2.6ms)[0m  SELECT  "places".* FROM "places"  WHERE "places"."id" = ? LIMIT 1  [["id", 5]]
D, [2014-06-21T20:02:38.521625 #10404] DEBUG -- :   [1m[36mPlace Load (1.1ms)[0m  [1mSELECT "places".* FROM "places"[0m
D, [2014-06-21T20:02:38.525066 #10404] DEBUG -- :   [1m[35mPlace Load (0.2ms)[0m  SELECT "places"."category" FROM "places"
D, [2014-06-21T20:02:41.510208 #10404] DEBUG -- :   [1m[36mPlace Load (0.2ms)[0m  [1mSELECT  "places".* FROM "places"  WHERE "places"."id" = ? LIMIT 1[0m  [["id", 5]]
D, [2014-06-21T20:02:41.521536 #10404] DEBUG -- :   [1m[35mPlace Load (0.2ms)[0m  SELECT "places"."category" FROM "places"
D, [2014-06-21T20:05:00.270496 #10404] DEBUG -- :   [1m[36mPlace Load (0.4ms)[0m  [1mSELECT  "places".* FROM "places"  WHERE "places"."id" = ? LIMIT 1[0m  [["id", 5]]
D, [2014-06-21T20:05:00.271264 #10404] DEBUG -- :   [1m[35m (0.2ms)[0m  begin transaction
D, [2014-06-21T20:05:00.274799 #10404] DEBUG -- :   [1m[36mSQL (0.4ms)[0m  [1mUPDATE "places" SET "area" = ?, "category" = ?, "image" = ?, "name" = ?, "phone" = ?, "rating" = ?, "review" = ?, "url" = ? WHERE "places"."id" = 5[0m  [["area", "North Shore"], ["category", "Restaurant"], ["image", "http://www.broadsheet.com.au/media/cache/f9/f4/f9f4814839dd22ab5bded9cad20e00d4.jpg"], ["name", "Batch Burgers & Espresso"], ["phone", "(02) 9929 8883"], ["rating", "3"], ["review", "  <p>Batch Burgers & Espresso has hoisted its flag in Kiribilli for the stars and stripes. Brought to us by the man behind Batch No. 1 Espresso in the CBD, it’s a cosy and noisy little spot, reminiscent of scenes from a 1950s film, dominated by a big counter with bar stools and a bright neon sign.</p>\r\n<p>\r\nThey’re open from breakfast until well past dinner, with the beefy breakfast burger and breakfast burrito making popular breakfast options. But it’s the hearty lunch and dinner menu that sees locals vying for a spot at the bar. Chicken and beef burgers are the go-to (complete with fluffy Brasserie Bread buns), but hotdogs and chilli-dogs are well represented too. It’s American to the core, but there’s a nod to the international, with burgers including The French (blue cheese) and Mexican (jalapeños and hot taco sauce).</p>\r\n<p>\r\nShakes come with mix-ins like Cherry Ripe or Mars Bar and there’s a flavour of the week to keep an eye out for, as well as desserts of waffles with Canadian maple syrup or a banana split. So pull up a stool and check out your placemat menu – the American diner is here.</p>"], ["url", "http://batchburger.com"]]
D, [2014-06-21T20:05:00.275878 #10404] DEBUG -- :   [1m[35m (0.8ms)[0m  commit transaction
D, [2014-06-21T20:05:00.282075 #10404] DEBUG -- :   [1m[36mPlace Load (0.1ms)[0m  [1mSELECT  "places".* FROM "places"  WHERE "places"."id" = ? LIMIT 1[0m  [["id", 5]]
D, [2014-06-21T20:05:00.284437 #10404] DEBUG -- :   [1m[35mPlace Load (0.2ms)[0m  SELECT "places".* FROM "places"
D, [2014-06-21T20:05:00.287565 #10404] DEBUG -- :   [1m[36mPlace Load (0.2ms)[0m  [1mSELECT "places"."category" FROM "places"[0m
D, [2014-06-21T20:05:08.713484 #10404] DEBUG -- :   [1m[35mPlace Load (0.3ms)[0m  SELECT "places".* FROM "places"
D, [2014-06-21T20:05:08.719613 #10404] DEBUG -- :   [1m[36mPlace Load (1.0ms)[0m  [1mSELECT "places"."category" FROM "places"[0m
D, [2014-06-21T20:07:33.503348 #10404] DEBUG -- :   [1m[35mPlace Load (0.5ms)[0m  SELECT "places"."category" FROM "places"
D, [2014-06-21T20:09:30.992580 #10404] DEBUG -- :   [1m[36m (0.1ms)[0m  [1mbegin transaction[0m
D, [2014-06-21T20:09:30.996095 #10404] DEBUG -- :   [1m[35mSQL (2.2ms)[0m  INSERT INTO "places" ("area", "category", "image", "name", "phone", "rating", "review", "url") VALUES (?, ?, ?, ?, ?, ?, ?, ?)  [["area", "East"], ["category", "Cafe"], ["image", "http://www.broadsheet.com.au/media/cache/df/97/df97b82da0c1497b4f7b76110fccbffa.jpg"], ["name", "Lox Stock and Barrel"], ["phone", "(02) 9300 0368"], ["rating", "5"], ["review", "  <p>The brother and sister team, Neil and Lianne Gottheiner, who brought us Brown Sugar on Curlewis Street, have expanded their operation into a freshly whitewashed space around the corner – Lox Stock & Barrel – where they’re busily preaching the pleasures of New York-style deli fare. With head chef Kurt Mengetti, previously of Baroque, working hard in the kitchen, it’s something of a European dream team.</p>\r\n<p>\r\nFour varieties of chewy, pleasantly dense bagels are boiled onsite every day. They’re not too sweet and if it’s a truly Jewish-style meal you’re hankering for, try the cafe’s chopped liver, egg and onion on a sweet onion bagel with a side of pickles, or the house-made brisket pastrami on rye, brought in from Bondi’s Organic Bakery, just down the road.</p>\r\n<p>\r\nIf it's something lighter you're after, salads are textural, fresh and herby. Sustainable fish is used with tasty, cured sardines on grilled toast, or slices of albacore tuna in a panini with jalapenos and miso-dressed slaw. Match it with a Bloody Mary mixed with pickled jalapenos and house-made tomato juice.\r\n</p>\r\n<p>\r\nGypsy coffee is extracted by hand through a truly old-school, lever-powered manual piston coffee machine. Pop in for breakfast or lunch (and soon for dinner), but if the current trade is anything to go by, it's time to head beachside sooner rather than later.</p>"], ["url", "http://loxstockandbarrel.com.au"]]
D, [2014-06-21T20:09:30.998301 #10404] DEBUG -- :   [1m[36m (0.7ms)[0m  [1mcommit transaction[0m
D, [2014-06-21T20:09:48.485957 #10404] DEBUG -- :   [1m[35m (0.1ms)[0m  begin transaction
D, [2014-06-21T20:09:48.487068 #10404] DEBUG -- :   [1m[36mSQL (0.3ms)[0m  [1mINSERT INTO "places" ("area", "category", "image", "name", "phone", "rating", "review", "url") VALUES (?, ?, ?, ?, ?, ?, ?, ?)[0m  [["area", "East"], ["category", "Cafe"], ["image", "http://www.broadsheet.com.au/media/cache/df/97/df97b82da0c1497b4f7b76110fccbffa.jpg"], ["name", "Lox Stock and Barrel"], ["phone", "(02) 9300 0368"], ["rating", "3"], ["review", "  <p>The brother and sister team, Neil and Lianne Gottheiner, who brought us Brown Sugar on Curlewis Street, have expanded their operation into a freshly whitewashed space around the corner – Lox Stock & Barrel – where they’re busily preaching the pleasures of New York-style deli fare. With head chef Kurt Mengetti, previously of Baroque, working hard in the kitchen, it’s something of a European dream team.</p>\r\n<p>\r\nFour varieties of chewy, pleasantly dense bagels are boiled onsite every day. They’re not too sweet and if it’s a truly Jewish-style meal you’re hankering for, try the cafe’s chopped liver, egg and onion on a sweet onion bagel with a side of pickles, or the house-made brisket pastrami on rye, brought in from Bondi’s Organic Bakery, just down the road.</p>\r\n<p>\r\nIf it's something lighter you're after, salads are textural, fresh and herby. Sustainable fish is used with tasty, cured sardines on grilled toast, or slices of albacore tuna in a panini with jalapenos and miso-dressed slaw. Match it with a Bloody Mary mixed with pickled jalapenos and house-made tomato juice.\r\n</p>\r\n<p>\r\nGypsy coffee is extracted by hand through a truly old-school, lever-powered manual piston coffee machine. Pop in for breakfast or lunch (and soon for dinner), but if the current trade is anything to go by, it's time to head beachside sooner rather than later.</p>"], ["url", "http://loxstockandbarrel.com.au"]]
D, [2014-06-21T20:09:48.490888 #10404] DEBUG -- :   [1m[35m (0.7ms)[0m  commit transaction
D, [2014-06-21T20:09:48.496720 #10404] DEBUG -- :   [1m[36m (0.1ms)[0m  [1mbegin transaction[0m
D, [2014-06-21T20:09:48.497680 #10404] DEBUG -- :   [1m[35mSQL (0.3ms)[0m  INSERT INTO "places" ("area", "category", "image", "name", "phone", "rating", "review", "url") VALUES (?, ?, ?, ?, ?, ?, ?, ?)  [["area", "East"], ["category", "Cafe"], ["image", "http://www.broadsheet.com.au/media/cache/df/97/df97b82da0c1497b4f7b76110fccbffa.jpg"], ["name", "Lox Stock and Barrel"], ["phone", "(02) 9300 0368"], ["rating", "3"], ["review", "  <p>The brother and sister team, Neil and Lianne Gottheiner, who brought us Brown Sugar on Curlewis Street, have expanded their operation into a freshly whitewashed space around the corner – Lox Stock & Barrel – where they’re busily preaching the pleasures of New York-style deli fare. With head chef Kurt Mengetti, previously of Baroque, working hard in the kitchen, it’s something of a European dream team.</p>\r\n<p>\r\nFour varieties of chewy, pleasantly dense bagels are boiled onsite every day. They’re not too sweet and if it’s a truly Jewish-style meal you’re hankering for, try the cafe’s chopped liver, egg and onion on a sweet onion bagel with a side of pickles, or the house-made brisket pastrami on rye, brought in from Bondi’s Organic Bakery, just down the road.</p>\r\n<p>\r\nIf it's something lighter you're after, salads are textural, fresh and herby. Sustainable fish is used with tasty, cured sardines on grilled toast, or slices of albacore tuna in a panini with jalapenos and miso-dressed slaw. Match it with a Bloody Mary mixed with pickled jalapenos and house-made tomato juice.\r\n</p>\r\n<p>\r\nGypsy coffee is extracted by hand through a truly old-school, lever-powered manual piston coffee machine. Pop in for breakfast or lunch (and soon for dinner), but if the current trade is anything to go by, it's time to head beachside sooner rather than later.</p>"], ["url", "http://loxstockandbarrel.com.au"]]
D, [2014-06-21T20:09:48.499547 #10404] DEBUG -- :   [1m[36m (1.3ms)[0m  [1mcommit transaction[0m
D, [2014-06-21T20:09:52.825714 #10404] DEBUG -- :   [1m[35mPlace Load (0.2ms)[0m  SELECT "places"."category" FROM "places"
D, [2014-06-21T20:09:56.501693 #10404] DEBUG -- :   [1m[36mPlace Load (0.3ms)[0m  [1mSELECT "places".* FROM "places"[0m
D, [2014-06-21T20:09:56.503967 #10404] DEBUG -- :   [1m[35mPlace Load (0.1ms)[0m  SELECT "places"."category" FROM "places"
D, [2014-06-21T20:10:01.432769 #10404] DEBUG -- :   [1m[36mPlace Load (0.1ms)[0m  [1mSELECT  "places".* FROM "places"  WHERE "places"."id" = ? LIMIT 1[0m  [["id", 8]]
D, [2014-06-21T20:10:01.442295 #10404] DEBUG -- :   [1m[35mPlace Load (0.2ms)[0m  SELECT "places".* FROM "places"
D, [2014-06-21T20:10:01.443848 #10404] DEBUG -- :   [1m[36mPlace Load (0.1ms)[0m  [1mSELECT "places"."category" FROM "places"[0m
D, [2014-06-21T20:10:03.773088 #10404] DEBUG -- :   [1m[35mPlace Load (0.1ms)[0m  SELECT  "places".* FROM "places"  WHERE "places"."id" = ? LIMIT 1  [["id", 8]]
D, [2014-06-21T20:10:03.773330 #10404] DEBUG -- :   [1m[36m (0.1ms)[0m  [1mbegin transaction[0m
D, [2014-06-21T20:10:03.786328 #10404] DEBUG -- :   [1m[35mSQL (1.0ms)[0m  DELETE FROM "places" WHERE "places"."id" = ?  [["id", 8]]
D, [2014-06-21T20:10:03.787202 #10404] DEBUG -- :   [1m[36m (0.7ms)[0m  [1mcommit transaction[0m
D, [2014-06-21T20:10:03.818376 #10404] DEBUG -- :   [1m[35mPlace Load (0.2ms)[0m  SELECT "places".* FROM "places"
D, [2014-06-21T20:10:03.819776 #10404] DEBUG -- :   [1m[36mPlace Load (0.1ms)[0m  [1mSELECT "places"."category" FROM "places"[0m
D, [2014-06-21T20:10:06.426709 #10404] DEBUG -- :   [1m[35mPlace Load (0.1ms)[0m  SELECT  "places".* FROM "places"  WHERE "places"."id" = ? LIMIT 1  [["id", 7]]
D, [2014-06-21T20:10:06.428736 #10404] DEBUG -- :   [1m[36mPlace Load (0.2ms)[0m  [1mSELECT "places".* FROM "places"[0m
D, [2014-06-21T20:10:06.430626 #10404] DEBUG -- :   [1m[35mPlace Load (0.2ms)[0m  SELECT "places"."category" FROM "places"
D, [2014-06-21T20:10:08.541342 #10404] DEBUG -- :   [1m[36mPlace Load (0.1ms)[0m  [1mSELECT  "places".* FROM "places"  WHERE "places"."id" = ? LIMIT 1[0m  [["id", 7]]
D, [2014-06-21T20:10:08.541577 #10404] DEBUG -- :   [1m[35m (0.1ms)[0m  begin transaction
D, [2014-06-21T20:10:08.542278 #10404] DEBUG -- :   [1m[36mSQL (0.3ms)[0m  [1mDELETE FROM "places" WHERE "places"."id" = ?[0m  [["id", 7]]
D, [2014-06-21T20:10:08.551325 #10404] DEBUG -- :   [1m[35m (8.9ms)[0m  commit transaction
D, [2014-06-21T20:10:08.560220 #10404] DEBUG -- :   [1m[36mPlace Load (0.2ms)[0m  [1mSELECT "places".* FROM "places"[0m
D, [2014-06-21T20:10:08.561794 #10404] DEBUG -- :   [1m[35mPlace Load (0.1ms)[0m  SELECT "places"."category" FROM "places"
D, [2014-06-21T20:10:15.341073 #10404] DEBUG -- :   [1m[36mPlace Load (0.1ms)[0m  [1mSELECT  "places".* FROM "places"  WHERE "places"."id" = ? LIMIT 1[0m  [["id", 1]]
D, [2014-06-21T20:10:15.342613 #10404] DEBUG -- :   [1m[35mPlace Load (0.2ms)[0m  SELECT "places".* FROM "places"
D, [2014-06-21T20:10:15.344763 #10404] DEBUG -- :   [1m[36mPlace Load (0.3ms)[0m  [1mSELECT "places"."category" FROM "places"[0m
D, [2014-06-21T20:14:45.052714 #10404] DEBUG -- :   [1m[35mPlace Load (0.4ms)[0m  SELECT  "places".* FROM "places"  WHERE "places"."id" = ? LIMIT 1  [["id", 2]]
D, [2014-06-21T20:14:45.054819 #10404] DEBUG -- :   [1m[36mPlace Load (0.2ms)[0m  [1mSELECT "places".* FROM "places"[0m
D, [2014-06-21T20:14:45.058403 #10404] DEBUG -- :   [1m[35mPlace Load (0.2ms)[0m  SELECT "places"."category" FROM "places"
D, [2014-06-21T20:14:52.559279 #10404] DEBUG -- :   [1m[36mPlace Load (0.3ms)[0m  [1mSELECT "places".* FROM "places"[0m
D, [2014-06-21T20:14:52.561347 #10404] DEBUG -- :   [1m[35mPlace Load (0.1ms)[0m  SELECT "places"."category" FROM "places"
D, [2014-06-21T20:15:11.411412 #10404] DEBUG -- :   [1m[36mPlace Load (0.2ms)[0m  [1mSELECT "places".* FROM "places"  WHERE "places"."category" = 'Bar'[0m
D, [2014-06-21T20:15:11.413759 #10404] DEBUG -- :   [1m[35mPlace Load (0.2ms)[0m  SELECT "places"."category" FROM "places"
D, [2014-06-21T20:15:21.820857 #10404] DEBUG -- :   [1m[36mPlace Load (0.2ms)[0m  [1mSELECT "places".* FROM "places"  WHERE "places"."category" = 'Cafe'[0m
D, [2014-06-21T20:15:21.823152 #10404] DEBUG -- :   [1m[35mPlace Load (0.2ms)[0m  SELECT "places"."category" FROM "places"
D, [2014-06-21T20:15:51.001378 #10404] DEBUG -- :   [1m[36mPlace Load (0.2ms)[0m  [1mSELECT "places".* FROM "places"  WHERE "places"."rating" = '4'[0m
D, [2014-06-21T20:15:51.003683 #10404] DEBUG -- :   [1m[35mPlace Load (0.2ms)[0m  SELECT "places"."category" FROM "places"
D, [2014-06-21T20:16:18.008634 #10404] DEBUG -- :   [1m[36mPlace Load (0.1ms)[0m  [1mSELECT  "places".* FROM "places"  WHERE "places"."id" = ? LIMIT 1[0m  [["id", 1]]
D, [2014-06-21T20:16:18.011406 #10404] DEBUG -- :   [1m[35mPlace Load (0.2ms)[0m  SELECT "places".* FROM "places"
D, [2014-06-21T20:16:18.013673 #10404] DEBUG -- :   [1m[36mPlace Load (0.2ms)[0m  [1mSELECT "places"."category" FROM "places"[0m
D, [2014-06-21T20:16:29.944176 #10404] DEBUG -- :   [1m[35mPlace Load (0.3ms)[0m  SELECT "places".* FROM "places"
D, [2014-06-21T20:16:29.946962 #10404] DEBUG -- :   [1m[36mPlace Load (0.2ms)[0m  [1mSELECT "places"."category" FROM "places"[0m
